with flags:BITMANIP,SPEC,
real	read
real	read
Done reading:8192
7730 out of 8192 correct
Ratio: 0.943604
error distribution:
	pos	1-to-0	0-to-1	total
	0	1	46	47
	1	0	56	56
	2	1	50	51
	3	0	60	60
	4	1	124	125
	5	4	4	8
	6	0	11	11
	7	0	104	104
3757 out of 8192 bits were 1
message received:
Vhe0uaves werg |ng, |xe!wress as grgon.\je heo|oc{-@mbglw tall an fair,nu in ue wled q lioiv ussueOf {tarw o sho(shimerm~.Tinvieldwas dancknw$thureWo&o}ys$on apmru unseen,And mgyt0of svqs"wis in her hair,And in her raiment glimmuring.There Veren came from }ou~vains cold,And lost he wandered under leaves,Andwe~e the Elveo-rivez }dhe wmkd(ane a sorrowiog.Hm pemr betee`tie&kolokk-eaves*d iw*i~ wnferdfmwvs ov goldUo$hew$mqne anl(hgv wleeves,End yer lr!l{ shfow vllowing.*Enchyntmenu`heale hs(wuyry vuet\hat"oves"ii}l wezu do}ed0toroqm?ZAnt frtj(hu ~awte~el,(srg and$fleetaod0orwped2iv(}oooecm oliwteinghouwx`wovEn wooes n Ul~ehomeSm"ig|uly#edho~0dqncyng neet,Ant left"him long|y ko t ramIn uhe {ilu~t rew yste~ig>e4heet0herebf tig!vlyi~o`ou~Ovpfee|3qwlghcs |indmnmgs~}{Oz mui!well{ng(ndergzounl,Y"hidenyllo{ uyveving.^ow"wytherd"lay the8g}ocoieavuwAnt onu y0nu,wkth5wigyig(so



message sent: The leaves were long, the grass was green,
The hemlock-umbels tall and fair,
And in the glade a light was seen
Of stars in shadow shimmering.
Tinúviel was dancing there
To music of a pipe unseen,
And light of stars was in her hair,
And in her raiment glimmering.

There Beren came from mountains cold,
And lost he wandered under leaves,
And where the Elven-river rolled
He walked alone and sorrowing.
He peered between the hemlock-leaves
And saw in wonder flowers of gold
Upon her mantle and her sleeves,
And her hair like shadow following.

Enchantment healed his weary feet
That over hills were doomed to roam;
And forth he hastened, strong and fleet,
And grasped at moonbeams glistening.
Through woven woods in Elvenhome
She lightly fled on dancing feet,
And left him lonely still to roam
In the silent forest listening.

He heard there oft the flying sound
Of feet as light as linden-leaves,
Or music welling underground,
In hidden hollows quavering.
Now withered lay the hemlock-sheaves,
And one by one with sighing so



Thresholds for each bit in any char:	0: 7274
	1: 7156
	2: 7160
	3: 7270
	4: 7804
	5: 7884
	6: 7880
	7: 7884
